<?xml version="1.0" encoding="UTF-8"?>
<!-- Generated by org.testng.reporters.JUnitReportReporter -->
<testsuite skipped="0" hostname="DESKTOP-TBD4149" name="com.herokuapp.testleaf.Table" tests="4" failures="0" timestamp="13 Oct 2019 02:33:14 GMT" time="0.780" errors="0">
  <testcase name="tableTest2" time="0.120" classname="com.herokuapp.testleaf.Table"/>
  <testcase name="tableTest3" time="0.300" classname="com.herokuapp.testleaf.Table"/>
  <testcase name="tabletest1" time="0.103" classname="com.herokuapp.testleaf.Table"/>
  <testcase name="tableTest4" time="0.257" classname="com.herokuapp.testleaf.Table"/>
</testsuite> <!-- com.herokuapp.testleaf.Table -->
