<?xml version="1.0" encoding="UTF-8"?>
<!-- Generated by org.testng.reporters.JUnitReportReporter -->
<testsuite skipped="0" hostname="DESKTOP-TBD4149" name="com.herokuapp.testleaf.RadioButton" tests="1" failures="0" timestamp="04 Oct 2019 18:32:23 GMT" time="0.727" errors="0">
  <testcase name="test1" time="0.727" classname="com.herokuapp.testleaf.RadioButton"/>
</testsuite> <!-- com.herokuapp.testleaf.RadioButton -->
