<?xml version="1.0" encoding="UTF-8"?>
<!-- Generated by org.testng.reporters.JUnitReportReporter -->
<testsuite skipped="0" hostname="DESKTOP-TBD4149" name="com.herokuapp.testleaf.RadioButton" tests="1" failures="0" timestamp="15 Oct 2019 03:08:49 GMT" time="1.212" errors="0">
  <testcase name="test1" time="1.212" classname="com.herokuapp.testleaf.RadioButton"/>
</testsuite> <!-- com.herokuapp.testleaf.RadioButton -->
