<?xml version="1.0" encoding="UTF-8"?>
<!-- Generated by org.testng.reporters.JUnitReportReporter -->
<testsuite skipped="0" hostname="DESKTOP-TBD4149" name="com.herokuapp.testleaf.TestParameterDemo" tests="1" failures="0" timestamp="09 Oct 2019 15:15:54 GMT" time="5.016" errors="0">
  <testcase name="Login_with_invalid_userid" time="5.016" classname="com.herokuapp.testleaf.TestParameterDemo"/>
</testsuite> <!-- com.herokuapp.testleaf.TestParameterDemo -->
