<?xml version="1.0" encoding="UTF-8"?>
<!-- Generated by org.testng.reporters.JUnitReportReporter -->
<testsuite skipped="0" hostname="DESKTOP-TBD4149" name="com.automationpractice.demos.ExtentReportDemo" tests="2" failures="0" timestamp="17 Oct 2019 03:04:53 GMT" time="3.923" errors="0">
  <testcase name="t1" time="0.002" classname="com.automationpractice.demos.ExtentReportDemo"/>
  <testcase name="login_with_invalid_user_is" time="3.921" classname="com.automationpractice.demos.ExtentReportDemo"/>
</testsuite> <!-- com.automationpractice.demos.ExtentReportDemo -->
