<?xml version="1.0" encoding="UTF-8"?>
<!-- Generated by org.testng.reporters.JUnitReportReporter -->
<testsuite skipped="0" hostname="DESKTOP-TBD4149" name="com.herokuapp.the_internet.FileUpload" tests="1" failures="0" timestamp="08 Oct 2019 18:25:58 GMT" time="2.296" errors="0">
  <testcase name="fileUpload" time="2.296" classname="com.herokuapp.the_internet.FileUpload"/>
</testsuite> <!-- com.herokuapp.the_internet.FileUpload -->
