<?xml version="1.0" encoding="UTF-8"?>
<!-- Generated by org.testng.reporters.JUnitReportReporter -->
<testsuite skipped="0" hostname="DESKTOP-TBD4149" name="com.automationpractice.demos.TestNGDataProviderDemo" tests="3" failures="0" timestamp="09 Oct 2019 16:22:30 GMT" time="0.013" errors="0">
  <testcase name="calculateMorgageMonthlyPayment" time="0.011" classname="com.automationpractice.demos.TestNGDataProviderDemo"/>
  <testcase name="calculateMorgageMonthlyPayment" time="0.001" classname="com.automationpractice.demos.TestNGDataProviderDemo"/>
  <testcase name="calculateMorgageMonthlyPayment" time="0.001" classname="com.automationpractice.demos.TestNGDataProviderDemo"/>
</testsuite> <!-- com.automationpractice.demos.TestNGDataProviderDemo -->
