<?xml version="1.0" encoding="UTF-8"?>
<!-- Generated by org.testng.reporters.JUnitReportReporter -->
<testsuite skipped="0" hostname="DESKTOP-TBD4149" name="com.automationpractice.login.LoginTestWithReporting" tests="1" failures="0" timestamp="11 Oct 2019 18:11:11 GMT" time="3.640" errors="0">
  <testcase name="loginWithValidUserIdAndPassword" time="3.640" classname="com.automationpractice.login.LoginTestWithReporting"/>
</testsuite> <!-- com.automationpractice.login.LoginTestWithReporting -->
