<?xml version="1.0" encoding="UTF-8"?>
<!-- Generated by org.testng.reporters.JUnitReportReporter -->
<testsuite skipped="0" hostname="DESKTOP-TBD4149" name="com.automationpractice.demos.TestParameterDemo" tests="1" failures="0" timestamp="09 Oct 2019 15:33:02 GMT" time="4.542" errors="0">
  <testcase name="Login_with_invalid_userid" time="4.542" classname="com.automationpractice.demos.TestParameterDemo"/>
</testsuite> <!-- com.automationpractice.demos.TestParameterDemo -->
