<?xml version="1.0" encoding="UTF-8"?>
<!-- Generated by org.testng.reporters.JUnitReportReporter -->
<testsuite skipped="0" hostname="DESKTOP-TBD4149" name="com.herokuapp.the_internet.FileDownload" tests="1" failures="0" timestamp="10 Oct 2019 19:47:38 GMT" time="6.914" errors="0">
  <testcase name="fileDownloadTest1" time="6.914" classname="com.herokuapp.the_internet.FileDownload"/>
</testsuite> <!-- com.herokuapp.the_internet.FileDownload -->
