<?xml version="1.0" encoding="UTF-8"?>
<!-- Generated by org.testng.reporters.JUnitReportReporter -->
<testsuite skipped="0" hostname="DESKTOP-TBD4149" name="com.automationpractice.login.LoginTests" tests="1" failures="0" timestamp="15 Oct 2019 01:00:37 GMT" time="4.823" errors="0">
  <testcase name="Login_with_invalid_userid" time="4.823" classname="com.automationpractice.login.LoginTests"/>
</testsuite> <!-- com.automationpractice.login.LoginTests -->
